<?xml version="1.0" encoding="UTF-8"?>
<!-- Generated by org.testng.reporters.JUnitReportReporter -->
<testsuite hostname="WorkPC" failures="0" tests="1" name="Demo1.Demo2" time="0.031" errors="0" timestamp="2022-10-03T09:43:17 IST" skipped="0">
  <testcase classname="Demo1.Demo2" name="setup" time="0.031"/>
  <system-out/>
</testsuite> <!-- Demo1.Demo2 -->
